<?xml version="1.0" encoding="UTF-8"?>
<!-- Generated by org.testng.reporters.JUnitXMLReporter -->
<testsuite hostname="jacky-zhao" ignored="0" name="用户管理系统测试用例" tests="7" failures="0" timestamp="2022-01-10T21:11:11 CST" time="0.057" errors="0">
  <testcase name="@BeforeTest beforeTest" time="0.027" classname="com.course.cases.LoginTest">
    <failure type="java.lang.NoClassDefFoundError" message="org/apache/commons/logging/LogFactory">
      <![CDATA[java.lang.NoClassDefFoundError: org/apache/commons/logging/LogFactory
at org.apache.http.impl.client.AbstractHttpClient.<init>(AbstractHttpClient.java:182)
at org.apache.http.impl.client.DefaultHttpClient.<init>(DefaultHttpClient.java:150)
at com.course.cases.LoginTest.beforeTest(LoginTest.java:31)
at com.sun.proxy.$Proxy0.invoke(Unknown Source)
Caused by: java.lang.ClassNotFoundException: org.apache.commons.logging.LogFactory
at java.net.URLClassLoader.findClass(URLClassLoader.java:381)
at java.lang.ClassLoader.loadClass(ClassLoader.java:424)
at sun.misc.Launcher$AppClassLoader.loadClass(Launcher.java:349)
at java.lang.ClassLoader.loadClass(ClassLoader.java:357)
... 36 more
... Removed 32 stack frames]]>
    </failure>
  </testcase> <!-- @BeforeTest beforeTest -->
  <testcase name="loginTrue" time="0.0" classname="com.course.cases.LoginTest">
    <skipped/>
  </testcase> <!-- loginTrue -->
  <testcase name="loginFalse" time="0.0" classname="com.course.cases.LoginTest">
    <skipped/>
  </testcase> <!-- loginFalse -->
  <testcase name="addUser" time="0.0" classname="com.course.cases.AddUserTest">
    <skipped/>
  </testcase> <!-- addUser -->
  <testcase name="getUserInfo" time="0.0" classname="com.course.cases.GetUserInfoTest">
    <skipped/>
  </testcase> <!-- getUserInfo -->
  <testcase name="getUserList" time="0.0" classname="com.course.cases.GetUserListTest">
    <skipped/>
  </testcase> <!-- getUserList -->
  <testcase name="updateUserInfo" time="0.0" classname="com.course.cases.UpdateUserInfoTest">
    <skipped/>
  </testcase> <!-- updateUserInfo -->
  <testcase name="deleteUser" time="0.0" classname="com.course.cases.UpdateUserInfoTest">
    <skipped/>
  </testcase> <!-- deleteUser -->
</testsuite> <!-- 用户管理系统测试用例 -->
