<?xml version="1.0" encoding="UTF-8" ?>
<testsuite tests="8" failures="1" name="TestSuite" time="1.465" errors="0" skipped="7">
  <properties>
[...]
</properties>
  <testcase classname="com.course.cases.LoginTest" name="beforeTest" time="0">
    <failure message="org/apache/commons/logging/LogFactory" type="java.lang.NoClassDefFoundError">java.lang.NoClassDefFoundError: org/apache/commons/logging/LogFactory
	at org.apache.http.impl.client.AbstractHttpClient.&lt;init&gt;(AbstractHttpClient.java:182)
	at org.apache.http.impl.client.DefaultHttpClient.&lt;init&gt;(DefaultHttpClient.java:150)
	at com.course.cases.LoginTest.beforeTest(LoginTest.java:31)
Caused by: java.lang.ClassNotFoundException: org.apache.commons.logging.LogFactory
	at java.net.URLClassLoader.findClass(URLClassLoader.java:381)
	at java.lang.ClassLoader.loadClass(ClassLoader.java:424)
	at sun.misc.Launcher$AppClassLoader.loadClass(Launcher.java:349)
	at java.lang.ClassLoader.loadClass(ClassLoader.java:357)
	... 36 more
</failure>
    <system-out>@HL
@HL-------------------------------------------------------
@HL T E S T S
@HL-------------------------------------------------------
@SLRunning TestSuite
[TestNGContentHandler] [WARN] It is strongly recommended to add &quot;&lt;!DOCTYPE suite SYSTEM &quot;https://testng.org/testng-1.0.dtd&quot; &gt;&quot; at the top of the suite file [C:\Users\91690\workspace\muke\AutoTest\Chapter12\src\main\resources\testng.xml] otherwise TestNG may fail or not work as expected.
</system-out>
  </testcase>
  <testcase classname="com.course.cases.LoginTest" name="loginTrue" time="0">
    <skipped/>
  </testcase>
  <testcase classname="com.course.cases.LoginTest" name="loginFalse" time="0">
    <skipped/>
  </testcase>
  <testcase classname="com.course.cases.AddUserTest" name="addUser" time="0">
    <skipped/>
  </testcase>
  <testcase classname="com.course.cases.GetUserInfoTest" name="getUserInfo" time="0">
    <skipped/>
  </testcase>
  <testcase classname="com.course.cases.GetUserListTest" name="getUserList" time="0">
    <skipped/>
  </testcase>
  <testcase classname="com.course.cases.UpdateUserInfoTest" name="updateUserInfo" time="0">
    <skipped/>
  </testcase>
  <testcase classname="com.course.cases.UpdateUserInfoTest" name="deleteUser" time="0">
    <skipped/>
  </testcase>
</testsuite>