# JRE version: Java(TM) SE Runtime Environment (8.0_181-b13) (build 1.8.0_181-b13)
# Java VM: Java HotSpot(TM) 64-Bit Server VM (25.181-b13 mixed mode windows-amd64 compressed oops)
Heap:
 PSYoungGen      total 134144K, used 16729K [0x000000076e100000, 0x0000000779280000, 0x00000007c0000000)
  eden space 123904K, 13% used [0x000000076e100000,0x000000076f156578,0x0000000775a00000)
  from space 10240K, 0% used [0x0000000775a00000,0x0000000775a00000,0x0000000776400000)
  to   space 20480K, 0% used [0x0000000777e80000,0x0000000777e80000,0x0000000779280000)
 ParOldGen       total 111616K, used 31469K [0x00000006ca200000, 0x00000006d0f00000, 0x000000076e100000)
  object space 111616K, 28% used [0x00000006ca200000,0x00000006cc0bb4f8,0x00000006d0f00000)
 Metaspace       used 33620K, capacity 34504K, committed 35496K, reserved 1081344K
  class space    used 3989K, capacity 4263K, committed 4352K, reserved 1048576K
GC Heap History (10 events):
Event: 4.668 GC heap before
{Heap before GC invocations=5 (full 1):
 PSYoungGen      total 73728K, used 63488K [0x000000076e100000, 0x0000000777100000, 0x00000007c0000000)
  eden space 63488K, 100% used [0x000000076e100000,0x0000000771f00000,0x0000000771f00000)
  from space 10240K, 0% used [0x0000000771f00000,0x0000000771f00000,0x0000000772900000)
  to   space 10240K, 0% used [0x0000000776700000,0x0000000776700000,0x0000000777100000)
 ParOldGen       total 111616K, used 13226K [0x00000006ca200000, 0x00000006d0f00000, 0x000000076e100000)
  object space 111616K, 11% used [0x00000006ca200000,0x00000006caeea978,0x00000006d0f00000)
 Metaspace       used 21994K, capacity 22378K, committed 22704K, reserved 1069056K
  class space    used 2587K, capacity 2739K, committed 2816K, reserved 1048576K
Event: 4.674 GC heap after
Heap after GC invocations=5 (full 1):
 PSYoungGen      total 101888K, used 7123K [0x000000076e100000, 0x0000000776e00000, 0x00000007c0000000)
  eden space 94720K, 0% used [0x000000076e100000,0x000000076e100000,0x0000000773d80000)
  from space 7168K, 99% used [0x0000000776700000,0x0000000776df4fe8,0x0000000776e00000)
  to   space 10240K, 0% used [0x0000000775a00000,0x0000000775a00000,0x0000000776400000)
 ParOldGen       total 111616K, used 13234K [0x00000006ca200000, 0x00000006d0f00000, 0x000000076e100000)
  object space 111616K, 11% used [0x00000006ca200000,0x00000006caeec978,0x00000006d0f00000)
 Metaspace       used 21994K, capacity 22378K, committed 22704K, reserved 1069056K
  class space    used 2587K, capacity 2739K, committed 2816K, reserved 1048576K
}
Event: 6.769 GC heap before
{Heap before GC invocations=6 (full 1):
 PSYoungGen      total 101888K, used 101843K [0x000000076e100000, 0x0000000776e00000, 0x00000007c0000000)
  eden space 94720K, 100% used [0x000000076e100000,0x0000000773d80000,0x0000000773d80000)
  from space 7168K, 99% used [0x0000000776700000,0x0000000776df4fe8,0x0000000776e00000)
  to   space 10240K, 0% used [0x0000000775a00000,0x0000000775a00000,0x0000000776400000)
 ParOldGen       total 111616K, used 13234K [0x00000006ca200000, 0x00000006d0f00000, 0x000000076e100000)
  object space 111616K, 11% used [0x00000006ca200000,0x00000006caeec978,0x00000006d0f00000)
 Metaspace       used 28587K, capacity 29234K, committed 29440K, reserved 1075200K
  class space    used 3375K, capacity 3577K, committed 3584K, reserved 1048576K
Event: 6.788 GC heap after
Heap after GC invocations=6 (full 1):
 PSYoungGen      total 134144K, used 10208K [0x000000076e100000, 0x0000000779280000, 0x00000007c0000000)
  eden space 123904K, 0% used [0x000000076e100000,0x000000076e100000,0x0000000775a00000)
  from space 10240K, 99% used [0x0000000775a00000,0x00000007763f8030,0x0000000776400000)
  to   space 20480K, 0% used [0x0000000777e80000,0x0000000777e80000,0x0000000779280000)
 ParOldGen       total 111616K, used 22389K [0x00000006ca200000, 0x00000006d0f00000, 0x000000076e100000)
  object space 111616K, 20% used [0x00000006ca200000,0x00000006cb7dd4d8,0x00000006d0f00000)
 Metaspace       used 28587K, capacity 29234K, committed 29440K, reserved 1075200K
  class space    used 3375K, capacity 3577K, committed 3584K, reserved 1048576K
}
Event: 9.083 GC heap before
{Heap before GC invocations=7 (full 1):
 PSYoungGen      total 134144K, used 134112K [0x000000076e100000, 0x0000000779280000, 0x00000007c0000000)
  eden space 123904K, 100% used [0x000000076e100000,0x0000000775a00000,0x0000000775a00000)
  from space 10240K, 99% used [0x0000000775a00000,0x00000007763f8030,0x0000000776400000)
  to   space 20480K, 0% used [0x0000000777e80000,0x0000000777e80000,0x0000000779280000)
 ParOldGen       total 111616K, used 22389K [0x00000006ca200000, 0x00000006d0f00000, 0x000000076e100000)
  object space 111616K, 20% used [0x00000006ca200000,0x00000006cb7dd4d8,0x00000006d0f00000)
 Metaspace       used 33128K, capacity 33978K, committed 34176K, reserved 1079296K
  class space    used 3888K, capacity 4131K, committed 4224K, reserved 1048576K
Event: 9.101 GC heap after
Heap after GC invocations=7 (full 1):
 PSYoungGen      total 144384K, used 20451K [0x000000076e100000, 0x0000000779280000, 0x00000007c0000000)
  eden space 123904K, 0% used [0x000000076e100000,0x000000076e100000,0x0000000775a00000)
  from space 20480K, 99% used [0x0000000777e80000,0x0000000779278d98,0x0000000779280000)
  to   space 10240K, 0% used [0x0000000775a00000,0x0000000775a00000,0x0000000776400000)
 ParOldGen       total 111616K, used 29219K [0x00000006ca200000, 0x00000006d0f00000, 0x000000076e100000)
  object space 111616K, 26% used [0x00000006ca200000,0x00000006cbe88d38,0x00000006d0f00000)
 Metaspace       used 33128K, capacity 33978K, committed 34176K, reserved 1079296K
  class space    used 3888K, capacity 4131K, committed 4224K, reserved 1048576K
}
Event: 9.682 GC heap before
{Heap before GC invocations=8 (full 1):
 PSYoungGen      total 144384K, used 82290K [0x000000076e100000, 0x0000000779280000, 0x00000007c0000000)
  eden space 123904K, 49% used [0x000000076e100000,0x0000000771d63a90,0x0000000775a00000)
  from space 20480K, 99% used [0x0000000777e80000,0x0000000779278d98,0x0000000779280000)
  to   space 10240K, 0% used [0x0000000775a00000,0x0000000775a00000,0x0000000776400000)
 ParOldGen       total 111616K, used 29219K [0x00000006ca200000, 0x00000006d0f00000, 0x000000076e100000)
  object space 111616K, 26% used [0x00000006ca200000,0x00000006cbe88d38,0x00000006d0f00000)
 Metaspace       used 34490K, capacity 35366K, committed 35496K, reserved 1081344K
  class space    used 4090K, capacity 4339K, committed 4352K, reserved 1048576K
Event: 9.694 GC heap after
Heap after GC invocations=8 (full 1):
 PSYoungGen      total 134144K, used 10215K [0x000000076e100000, 0x0000000779280000, 0x00000007c0000000)
  eden space 123904K, 0% used [0x000000076e100000,0x000000076e100000,0x0000000775a00000)
  from space 10240K, 99% used [0x0000000775a00000,0x00000007763f9c30,0x0000000776400000)
  to   space 20480K, 0% used [0x0000000777e80000,0x0000000777e80000,0x0000000779280000)
 ParOldGen       total 111616K, used 48168K [0x00000006ca200000, 0x00000006d0f00000, 0x000000076e100000)
  object space 111616K, 43% used [0x00000006ca200000,0x00000006cd10a118,0x00000006d0f00000)
 Metaspace       used 34490K, capacity 35366K, committed 35496K, reserved 1081344K
  class space    used 4090K, capacity 4339K, committed 4352K, reserved 1048576K
}
Event: 9.694 GC heap before
{Heap before GC invocations=9 (full 2):
 PSYoungGen      total 134144K, used 10215K [0x000000076e100000, 0x0000000779280000, 0x00000007c0000000)
  eden space 123904K, 0% used [0x000000076e100000,0x000000076e100000,0x0000000775a00000)
  from space 10240K, 99% used [0x0000000775a00000,0x00000007763f9c30,0x0000000776400000)
  to   space 20480K, 0% used [0x0000000777e80000,0x0000000777e80000,0x0000000779280000)
 ParOldGen       total 111616K, used 48168K [0x00000006ca200000, 0x00000006d0f00000, 0x000000076e100000)
  object space 111616K, 43% used [0x00000006ca200000,0x00000006cd10a118,0x00000006d0f00000)
 Metaspace       used 34490K, capacity 35366K, committed 35496K, reserved 1081344K
  class space    used 4090K, capacity 4339K, committed 4352K, reserved 1048576K
Event: 9.783 GC heap after
Heap after GC invocations=9 (full 2):
 PSYoungGen      total 134144K, used 0K [0x000000076e100000, 0x0000000779280000, 0x00000007c0000000)
  eden space 123904K, 0% used [0x000000076e100000,0x000000076e100000,0x0000000775a00000)
  from space 10240K, 0% used [0x0000000775a00000,0x0000000775a00000,0x0000000776400000)
  to   space 20480K, 0% used [0x0000000777e80000,0x0000000777e80000,0x0000000779280000)
 ParOldGen       total 111616K, used 31469K [0x00000006ca200000, 0x00000006d0f00000, 0x000000076e100000)
  object space 111616K, 28% used [0x00000006ca200000,0x00000006cc0bb4f8,0x00000006d0f00000)
 Metaspace       used 32922K, capacity 33716K, committed 35496K, reserved 1081344K
  class space    used 3900K, capacity 4131K, committed 4352K, reserved 1048576K
}

